<?xml version="1.0" encoding="UTF-8"?>
<!-- Generated by org.testng.reporters.JUnitXMLReporter -->
<testsuite ignored="5" hostname="Tarik" failures="1" tests="7" name="Test" time="128.921" errors="0" timestamp="2024-05-10T13:12:44 IST">
  <testcase classname="com.chargeSavvy.SavvyLoginTest" name="loginWithValidCredentials" time="0.364">
    <skipped/>
  </testcase> <!-- loginWithValidCredentials -->
  <testcase classname="com.chargeSavvy.SavvyLoginTest" name="loginWithValidCredentials" time="0.426">
    <skipped/>
  </testcase> <!-- loginWithValidCredentials -->
  <testcase classname="com.chargeSavvy.SavvyLoginTest" name="loginWithValidCredentials" time="0.191">
    <skipped/>
  </testcase> <!-- loginWithValidCredentials -->
  <testcase classname="com.chargeSavvy.SavvyLoginTest" name="loginWithValidCredentials" time="0.175">
    <failure type="java.lang.AssertionError" message="Text does not match! expected [true] but found [false]">
      <![CDATA[java.lang.AssertionError: Text does not match! expected [true] but found [false]
at com.chargeSavvy.SavvyLoginTest.loginWithValidCredentials(SavvyLoginTest.java:48)
at java.base/java.util.ArrayList.forEach(ArrayList.java:1511)
... Removed 30 stack frames]]>
    </failure>
  </testcase> <!-- loginWithValidCredentials -->
  <testcase classname="com.chargeSavvy.SearchMerchantTest" name="verifyBergModelRequireErrMsg" time="19.474"/>
  <testcase classname="com.chargeSavvy.SearchMerchantTest" name="verifyIpAddressErrMsgWhenIpAddressFieldIsEmpty" time="19.132"/>
  <testcase classname="com.chargeSavvy.SearchMerchantTest" name="verifySomethingWentWrongErrMsgWhenPortNumberFieldIsEmpty" time="20.359"/>
  <testcase classname="com.chargeSavvy.SearchMerchantTest" name="verifySomethingWentWrongErrMsgWhenRingNumberFieldIsEmpty" time="0.0">
    <ignored/>
  </testcase> <!-- verifySomethingWentWrongErrMsgWhenRingNumberFieldIsEmpty -->
  <testcase classname="com.chargeSavvy.SavvyLoginTest" name="verifyUserRequireErrMsg" time="0.0">
    <ignored/>
  </testcase> <!-- verifyUserRequireErrMsg -->
  <testcase classname="com.chargeSavvy.SavvyLoginTest" name="verifyPwdRequireErrMsg" time="0.0">
    <ignored/>
  </testcase> <!-- verifyPwdRequireErrMsg -->
  <testcase classname="com.chargeSavvy.SavvyLoginTest" name="verifyUserNameAndPwdRequireMsg" time="0.0">
    <ignored/>
  </testcase> <!-- verifyUserNameAndPwdRequireMsg -->
  <testcase classname="com.chargeSavvy.SearchMerchantTest" name="verifyAllErrMsgWhenAllFieldareEmpty" time="0.0">
    <ignored/>
  </testcase> <!-- verifyAllErrMsgWhenAllFieldareEmpty -->
</testsuite> <!-- Test -->
